2012.05.24 12:03 B C:\POWINTERNET\sites\guiaRgs\imoveis\2012-05-24\imagens\parcerias_sites.jpg <-- guiasjp /www/imoveis/imagens parcerias_sites.jpg
2012.05.24 12:03 B C:\POWINTERNET\sites\guiaRgs\imoveis\2012-05-24\imagens\parcerias_pow.jpg <-- guiasjp /www/imoveis/imagens parcerias_pow.jpg
2012.05.24 12:03 B C:\POWINTERNET\sites\guiaRgs\imoveis\2012-05-24\imagens\parcerias_portais.jpg <-- guiasjp /www/imoveis/imagens parcerias_portais.jpg
2012.05.24 12:03 B C:\POWINTERNET\sites\guiaRgs\imoveis\2012-05-24\imagens\mapa_links.swf <-- guiasjp /www/imoveis/imagens mapa_links.swf
2012.05.24 12:03 B C:\POWINTERNET\sites\guiaRgs\imoveis\2012-05-24\imagens\mapa_links_00.swf <-- guiasjp /www/imoveis/imagens mapa_links_00.swf
2012.05.24 12:03 B C:\POWINTERNET\sites\guiaRgs\imoveis\2012-05-24\imagens\rodape_v2_novo.gif <-- guiasjp /www/imoveis/imagens rodape_v2_novo.gif
2012.05.24 12:03 B C:\POWINTERNET\sites\guiaRgs\imoveis\2012-05-24\imagens\rodape_v2_back.gif <-- guiasjp /www/imoveis/imagens rodape_v2_back.gif
2012.05.24 12:03 B C:\POWINTERNET\sites\guiaRgs\imoveis\2012-05-24\imagens\rodape_logo_pow.gif <-- guiasjp /www/imoveis/imagens rodape_logo_pow.gif
2012.05.24 12:03 B C:\POWINTERNET\sites\guiaRgs\imoveis\2012-05-24\imagens\rodape_degrade.jpg <-- guiasjp /www/imoveis/imagens rodape_degrade.jpg
2012.05.24 12:03 B C:\POWINTERNET\sites\guiaRgs\imoveis\2012-05-24\imagens\rodape.gif <-- guiasjp /www/imoveis/imagens rodape.gif
2012.05.24 12:03 B C:\POWINTERNET\sites\guiaRgs\imoveis\2012-05-24\imagens\tp_iguaruja.gif <-- guiasjp /www/imoveis/imagens tp_iguaruja.gif
2012.05.24 12:03 B C:\POWINTERNET\sites\guiaRgs\imoveis\2012-05-24\imagens\tp_imoveisemdiadema.gif <-- guiasjp /www/imoveis/imagens tp_imoveisemdiadema.gif
2012.05.24 12:03 B C:\POWINTERNET\sites\guiaRgs\imoveis\2012-05-24\imagens\tp_imoveisaparecidadegoiania.gif <-- guiasjp /www/imoveis/imagens tp_imoveisaparecidadegoiania.gif
2012.05.24 12:03 B C:\POWINTERNET\sites\guiaRgs\imoveis\2012-05-24\imagens\tp_imoveiscamposdosgoytacazes.gif <-- guiasjp /www/imoveis/imagens tp_imoveiscamposdosgoytacazes.gif
2012.05.24 12:03 B C:\POWINTERNET\sites\guiaRgs\imoveis\2012-05-24\imagens\tp_imoveissaojosedoscampossp.gif <-- guiasjp /www/imoveis/imagens tp_imoveissaojosedoscampossp.gif
2012.05.24 12:03 B C:\POWINTERNET\sites\guiaRgs\imoveis\2012-05-24\imagens\tp_imoveisblumenausc.gif <-- guiasjp /www/imoveis/imagens tp_imoveisblumenausc.gif
2012.05.24 12:03 B C:\POWINTERNET\sites\guiaRgs\imoveis\2012-05-24\imagens\tp_imoveiscaraguatatubasp.gif <-- guiasjp /www/imoveis/imagens tp_imoveiscaraguatatubasp.gif
2012.05.24 12:03 B C:\POWINTERNET\sites\guiaRgs\imoveis\2012-05-24\imagens\tp_imoveishortolandiasp.gif <-- guiasjp /www/imoveis/imagens tp_imoveishortolandiasp.gif
2012.05.24 12:03 B C:\POWINTERNET\sites\guiaRgs\imoveis\2012-05-24\imagens\tp_imoveisjoaopessoapb.gif <-- guiasjp /www/imoveis/imagens tp_imoveisjoaopessoapb.gif
2012.05.24 12:03 B C:\POWINTERNET\sites\guiaRgs\imoveis\2012-05-24\imagens\tp_imoveispalmasto.gif <-- guiasjp /www/imoveis/imagens tp_imoveispalmasto.gif
2012.05.24 12:03 B C:\POWINTERNET\sites\guiaRgs\imoveis\2012-05-24\imagens\tp_imoveissalvadorba.gif <-- guiasjp /www/imoveis/imagens tp_imoveissalvadorba.gif
2012.05.24 12:03 B C:\POWINTERNET\sites\guiaRgs\imoveis\2012-05-24\imagens\tp_imoveissaoluisma.gif <-- guiasjp /www/imoveis/imagens tp_imoveissaoluisma.gif
2012.05.24 12:03 B C:\POWINTERNET\sites\guiaRgs\imoveis\2012-05-24\imagens\tp_imoveisitanhaemsp.gif <-- guiasjp /www/imoveis/imagens tp_imoveisitanhaemsp.gif
2012.05.24 12:03 B C:\POWINTERNET\sites\guiaRgs\imoveis\2012-05-24\imagens\tp_imoveisuruguaiana.gif <-- guiasjp /www/imoveis/imagens tp_imoveisuruguaiana.gif
2012.05.24 12:03 B C:\POWINTERNET\sites\guiaRgs\imoveis\2012-05-24\imagens\tp_imoveisrolandia.gif <-- guiasjp /www/imoveis/imagens tp_imoveisrolandia.gif
2012.05.24 12:03 B C:\POWINTERNET\sites\guiaRgs\imoveis\2012-05-24\imagens\tp_imoveisriobrancodosul.gif <-- guiasjp /www/imoveis/imagens tp_imoveisriobrancodosul.gif
2012.05.24 12:03 B C:\POWINTERNET\sites\guiaRgs\imoveis\2012-05-24\imagens\tp_imoveisquatrobarras.gif <-- guiasjp /www/imoveis/imagens tp_imoveisquatrobarras.gif
2012.05.24 12:03 B C:\POWINTERNET\sites\guiaRgs\imoveis\2012-05-24\imagens\tp_imoveisprudentopolis.gif <-- guiasjp /www/imoveis/imagens tp_imoveisprudentopolis.gif
2012.05.24 12:03 B C:\POWINTERNET\sites\guiaRgs\imoveis\2012-05-24\imagens\tp_imoveispiraquara.gif <-- guiasjp /www/imoveis/imagens tp_imoveispiraquara.gif
2012.05.24 12:03 B C:\POWINTERNET\sites\guiaRgs\imoveis\2012-05-24\imagens\tp_imoveiscamacari.gif <-- guiasjp /www/imoveis/imagens tp_imoveiscamacari.gif
2012.05.24 12:03 B C:\POWINTERNET\sites\guiaRgs\imoveis\2012-05-24\imagens\tp_imoveiscachoeirodeitapemirim.gif <-- guiasjp /www/imoveis/imagens tp_imoveiscachoeirodeitapemirim.gif
2012.05.24 12:03 B C:\POWINTERNET\sites\guiaRgs\imoveis\2012-05-24\imagens\tp_imoveisferrazdevasconcelos.gif <-- guiasjp /www/imoveis/imagens tp_imoveisferrazdevasconcelos.gif
2012.05.24 12:03 B C:\POWINTERNET\sites\guiaRgs\imoveis\2012-05-24\imagens\tp_imoveisjaboatao.gif <-- guiasjp /www/imoveis/imagens tp_imoveisjaboatao.gif
2012.05.24 12:03 B C:\POWINTERNET\sites\guiaRgs\imoveis\2012-05-24\imagens\tp_imoveisgovernadorvaladares.gif <-- guiasjp /www/imoveis/imagens tp_imoveisgovernadorvaladares.gif
2012.05.24 12:03 B C:\POWINTERNET\sites\guiaRgs\imoveis\2012-05-24\imagens\tp_imoveisparnaiba.gif <-- guiasjp /www/imoveis/imagens tp_imoveisparnaiba.gif
2012.05.24 12:03 B C:\POWINTERNET\sites\guiaRgs\imoveis\2012-05-24\imagens\tp_imoveisitaquaquecetuba.gif <-- guiasjp /www/imoveis/imagens tp_imoveisitaquaquecetuba.gif
2012.05.24 12:03 B C:\POWINTERNET\sites\guiaRgs\imoveis\2012-05-24\imagens\tp_imoveisgaropaba.gif <-- guiasjp /www/imoveis/imagens tp_imoveisgaropaba.gif
2012.05.24 12:03 B C:\POWINTERNET\sites\guiaRgs\imoveis\2012-05-24\imagens\tp_imoveisportovelho.gif <-- guiasjp /www/imoveis/imagens tp_imoveisportovelho.gif
2012.05.24 12:03 B C:\POWINTERNET\sites\guiaRgs\imoveis\2012-05-24\imagens\tp_imoveisrioclaro.gif <-- guiasjp /www/imoveis/imagens tp_imoveisrioclaro.gif
2012.05.24 12:03 B C:\POWINTERNET\sites\guiaRgs\imoveis\2012-05-24\imagens\tp_imoveisvitoria.gif <-- guiasjp /www/imoveis/imagens tp_imoveisvitoria.gif
2012.05.24 12:03 B C:\POWINTERNET\sites\guiaRgs\imoveis\2012-05-24\imagens\tp_imoveisbelem.gif <-- guiasjp /www/imoveis/imagens tp_imoveisbelem.gif
2012.05.24 12:03 B C:\POWINTERNET\sites\guiaRgs\imoveis\2012-05-24\imagens\tp_imoveisemangradosreis.gif <-- guiasjp /www/imoveis/imagens tp_imoveisemangradosreis.gif
2012.05.24 12:03 B C:\POWINTERNET\sites\guiaRgs\imoveis\2012-05-24\imagens\5.jpg <-- guiasjp /www/imoveis/imagens 5.jpg
2012.05.24 12:03 B C:\POWINTERNET\sites\guiaRgs\imoveis\2012-05-24\imagens\4.jpg <-- guiasjp /www/imoveis/imagens 4.jpg
2012.05.24 12:03 B C:\POWINTERNET\sites\guiaRgs\imoveis\2012-05-24\imagens\3.jpg <-- guiasjp /www/imoveis/imagens 3.jpg
2012.05.24 12:03 B C:\POWINTERNET\sites\guiaRgs\imoveis\2012-05-24\imagens\2.jpg <-- guiasjp /www/imoveis/imagens 2.jpg
2012.05.24 12:03 B C:\POWINTERNET\sites\guiaRgs\imoveis\2012-05-24\imagens\1.jpg <-- guiasjp /www/imoveis/imagens 1.jpg
2012.05.24 12:03 B C:\POWINTERNET\sites\guiaRgs\imoveis\2012-05-24\imagens\tp_imoveisemcuiaba.gif <-- guiasjp /www/imoveis/imagens tp_imoveisemcuiaba.gif
2012.05.24 12:03 B C:\POWINTERNET\sites\guiaRgs\imoveis\2012-05-24\imagens\tp_saobernardodocampoimoveis.gif <-- guiasjp /www/imoveis/imagens tp_saobernardodocampoimoveis.gif
2012.05.24 12:03 B C:\POWINTERNET\sites\guiaRgs\imoveis\2012-05-24\imagens\tp_imoveisrecifepe.gif <-- guiasjp /www/imoveis/imagens tp_imoveisrecifepe.gif
2012.05.24 12:03 B C:\POWINTERNET\sites\guiaRgs\imoveis\2012-05-24\imagens\tp_imoveisitajaisc.gif <-- guiasjp /www/imoveis/imagens tp_imoveisitajaisc.gif
2012.05.24 12:03 B C:\POWINTERNET\sites\guiaRgs\imoveis\2012-05-24\imagens\tp_imoveisemuberlandia.gif <-- guiasjp /www/imoveis/imagens tp_imoveisemuberlandia.gif
2012.05.24 12:03 B C:\POWINTERNET\sites\guiaRgs\imoveis\2012-05-24\imagens\tp_imoveisemteresina.gif <-- guiasjp /www/imoveis/imagens tp_imoveisemteresina.gif
2012.05.24 12:03 B C:\POWINTERNET\sites\guiaRgs\imoveis\2012-05-24\imagens\tp_imoveisemsumare.gif <-- guiasjp /www/imoveis/imagens tp_imoveisemsumare.gif
2012.05.24 12:03 B C:\POWINTERNET\sites\guiaRgs\imoveis\2012-05-24\imagens\tp_imoveisemsetelagoas.gif <-- guiasjp /www/imoveis/imagens tp_imoveisemsetelagoas.gif
2012.05.24 12:03 B C:\POWINTERNET\sites\guiaRgs\imoveis\2012-05-24\imagens\tp_imoveisemserra.gif <-- guiasjp /www/imoveis/imagens tp_imoveisemserra.gif
2012.05.24 12:03 B C:\POWINTERNET\sites\guiaRgs\imoveis\2012-05-24\imagens\tp_imoveisemsaquarema.gif <-- guiasjp /www/imoveis/imagens tp_imoveisemsaquarema.gif
2012.05.24 12:03 B C:\POWINTERNET\sites\guiaRgs\imoveis\2012-05-24\imagens\tp_imoveisemsaosebastiao.gif <-- guiasjp /www/imoveis/imagens tp_imoveisemsaosebastiao.gif
2012.05.24 12:03 B C:\POWINTERNET\sites\guiaRgs\imoveis\2012-05-24\imagens\tp_imoveisemsaocarlos.gif <-- guiasjp /www/imoveis/imagens tp_imoveisemsaocarlos.gif
2012.05.24 12:03 B C:\POWINTERNET\sites\guiaRgs\imoveis\2012-05-24\imagens\tp_imoveisemsantacruzdosul.gif <-- guiasjp /www/imoveis/imagens tp_imoveisemsantacruzdosul.gif
2012.05.24 12:03 B C:\POWINTERNET\sites\guiaRgs\imoveis\2012-05-24\imagens\tp_imoveisemriogrande.gif <-- guiasjp /www/imoveis/imagens tp_imoveisemriogrande.gif
2012.05.24 12:03 B C:\POWINTERNET\sites\guiaRgs\imoveis\2012-05-24\imagens\tp_imoveisemriobranco.gif <-- guiasjp /www/imoveis/imagens tp_imoveisemriobranco.gif
2012.05.24 12:03 B C:\POWINTERNET\sites\guiaRgs\imoveis\2012-05-24\imagens\tp_imoveisempiracicaba.gif <-- guiasjp /www/imoveis/imagens tp_imoveisempiracicaba.gif
2012.05.24 12:03 B C:\POWINTERNET\sites\guiaRgs\imoveis\2012-05-24\imagens\tp_imoveisemmontescarlos.gif <-- guiasjp /www/imoveis/imagens tp_imoveisemmontescarlos.gif
2012.05.24 12:03 B C:\POWINTERNET\sites\guiaRgs\imoveis\2012-05-24\imagens\tp_imoveisemmarilia.gif <-- guiasjp /www/imoveis/imagens tp_imoveisemmarilia.gif
2012.05.24 12:03 B C:\POWINTERNET\sites\guiaRgs\imoveis\2012-05-24\imagens\tp_imoveisemmalvorada.gif <-- guiasjp /www/imoveis/imagens tp_imoveisemmalvorada.gif
2012.05.24 12:03 B C:\POWINTERNET\sites\guiaRgs\imoveis\2012-05-24\imagens\tp_imoveisemipatinga.gif <-- guiasjp /www/imoveis/imagens tp_imoveisemipatinga.gif
2012.05.24 12:03 B C:\POWINTERNET\sites\guiaRgs\imoveis\2012-05-24\imagens\tp_imoveisemimbituba.gif <-- guiasjp /www/imoveis/imagens tp_imoveisemimbituba.gif
2012.05.24 12:03 B C:\POWINTERNET\sites\guiaRgs\imoveis\2012-05-24\imagens\tp_imoveisemilheus.gif <-- guiasjp /www/imoveis/imagens tp_imoveisemilheus.gif
2012.05.24 12:03 B C:\POWINTERNET\sites\guiaRgs\imoveis\2012-05-24\imagens\tp_imoveisemdourados.gif <-- guiasjp /www/imoveis/imagens tp_imoveisemdourados.gif
2012.05.24 12:03 B C:\POWINTERNET\sites\guiaRgs\imoveis\2012-05-24\imagens\tp_imoveisemarroiodosal.gif <-- guiasjp /www/imoveis/imagens tp_imoveisemarroiodosal.gif
2012.05.24 12:03 B C:\POWINTERNET\sites\guiaRgs\imoveis\2012-05-24\imagens\tp_imoveisdeitapemirim.gif <-- guiasjp /www/imoveis/imagens tp_imoveisdeitapemirim.gif
2012.05.24 12:03 B C:\POWINTERNET\sites\guiaRgs\imoveis\2012-05-24\imagens\tp_imoveiscamboriusc.gif <-- guiasjp /www/imoveis/imagens tp_imoveiscamboriusc.gif
2012.05.24 12:03 B C:\POWINTERNET\sites\guiaRgs\imoveis\2012-05-24\imagens\tp_imoveisbertiogasp.gif <-- guiasjp /www/imoveis/imagens tp_imoveisbertiogasp.gif
2012.05.24 12:03 B C:\POWINTERNET\sites\guiaRgs\imoveis\2012-05-24\imagens\tp_imoveisarmacaodosbuzios.gif <-- guiasjp /www/imoveis/imagens tp_imoveisarmacaodosbuzios.gif
2012.05.24 12:03 B C:\POWINTERNET\sites\guiaRgs\imoveis\2012-05-24\imagens\tp_imoveisaracajuse.gif <-- guiasjp /www/imoveis/imagens tp_imoveisaracajuse.gif
2012.05.24 12:03 B C:\POWINTERNET\sites\guiaRgs\imoveis\2012-05-24\imagens\tp_guiapraiagrandeimoveis.gif <-- guiasjp /www/imoveis/imagens tp_guiapraiagrandeimoveis.gif
2012.05.24 12:03 B C:\POWINTERNET\sites\guiaRgs\imoveis\2012-05-24\imagens\tp_imoveisemalvorada.gif <-- guiasjp /www/imoveis/imagens tp_imoveisemalvorada.gif
2012.05.24 12:03 B C:\POWINTERNET\sites\guiaRgs\imoveis\2012-05-24\imagens\tp_imoveisvoltaredonda.gif <-- guiasjp /www/imoveis/imagens tp_imoveisvoltaredonda.gif
2012.05.24 12:03 B C:\POWINTERNET\sites\guiaRgs\imoveis\2012-05-24\imagens\tp_imoveisvitoriadaconquista.gif <-- guiasjp /www/imoveis/imagens tp_imoveisvitoriadaconquista.gif
2012.05.24 12:03 B C:\POWINTERNET\sites\guiaRgs\imoveis\2012-05-24\imagens\tp_imoveisvilavelha.gif <-- guiasjp /www/imoveis/imagens tp_imoveisvilavelha.gif
2012.05.24 12:03 B C:\POWINTERNET\sites\guiaRgs\imoveis\2012-05-24\imagens\tp_imoveisviamao.gif <-- guiasjp /www/imoveis/imagens tp_imoveisviamao.gif
2012.05.24 12:03 B C:\POWINTERNET\sites\guiaRgs\imoveis\2012-05-24\imagens\tp_imoveisuruguaina.gif <-- guiasjp /www/imoveis/imagens tp_imoveisuruguaina.gif
2012.05.24 12:03 B C:\POWINTERNET\sites\guiaRgs\imoveis\2012-05-24\imagens\tp_imoveistubarao.gif <-- guiasjp /www/imoveis/imagens tp_imoveistubarao.gif
2012.05.24 12:03 B C:\POWINTERNET\sites\guiaRgs\imoveis\2012-05-24\imagens\tp_imoveistramandai.gif <-- guiasjp /www/imoveis/imagens tp_imoveistramandai.gif
2012.05.24 12:03 B C:\POWINTERNET\sites\guiaRgs\imoveis\2012-05-24\imagens\tp_imoveistorres.gif <-- guiasjp /www/imoveis/imagens tp_imoveistorres.gif
2012.05.24 12:03 B C:\POWINTERNET\sites\guiaRgs\imoveis\2012-05-24\imagens\tp_imoveistijucas.gif <-- guiasjp /www/imoveis/imagens tp_imoveistijucas.gif
2012.05.24 12:03 B C:\POWINTERNET\sites\guiaRgs\imoveis\2012-05-24\imagens\tp_imoveistaquaquecetuba.gif <-- guiasjp /www/imoveis/imagens tp_imoveistaquaquecetuba.gif
2012.05.24 12:03 B C:\POWINTERNET\sites\guiaRgs\imoveis\2012-05-24\imagens\tp_imoveissaoleopoldo.gif <-- guiasjp /www/imoveis/imagens tp_imoveissaoleopoldo.gif
2012.05.24 12:03 B C:\POWINTERNET\sites\guiaRgs\imoveis\2012-05-24\imagens\tp_imoveissaojoaodemiriti.gif <-- guiasjp /www/imoveis/imagens tp_imoveissaojoaodemiriti.gif
2012.05.24 12:03 B C:\POWINTERNET\sites\guiaRgs\imoveis\2012-05-24\imagens\tp_imoveissaogoncalo.gif <-- guiasjp /www/imoveis/imagens tp_imoveissaogoncalo.gif
2012.05.24 12:03 B C:\POWINTERNET\sites\guiaRgs\imoveis\2012-05-24\imagens\tp_imoveissantoandresp.gif <-- guiasjp /www/imoveis/imagens tp_imoveissantoandresp.gif
2012.05.24 12:03 B C:\POWINTERNET\sites\guiaRgs\imoveis\2012-05-24\imagens\tp_imoveissantamaria.gif <-- guiasjp /www/imoveis/imagens tp_imoveissantamaria.gif
2012.05.24 12:03 B C:\POWINTERNET\sites\guiaRgs\imoveis\2012-05-24\imagens\tp_imoveissantabarbaradooeste.gif <-- guiasjp /www/imoveis/imagens tp_imoveissantabarbaradooeste.gif
2012.05.24 12:03 B C:\POWINTERNET\sites\guiaRgs\imoveis\2012-05-24\imagens\tp_imoveisribeiraodasneves.gif <-- guiasjp /www/imoveis/imagens tp_imoveisribeiraodasneves.gif
2012.05.24 12:03 B C:\POWINTERNET\sites\guiaRgs\imoveis\2012-05-24\imagens\tp_imoveispresidenteprudente.gif <-- guiasjp /www/imoveis/imagens tp_imoveispresidenteprudente.gif
2012.05.24 12:03 B C:\POWINTERNET\sites\guiaRgs\imoveis\2012-05-24\imagens\tp_imoveispetropolis.gif <-- guiasjp /www/imoveis/imagens tp_imoveispetropolis.gif
2012.05.24 12:03 B C:\POWINTERNET\sites\guiaRgs\imoveis\2012-05-24\imagens\tp_imoveispassofundo.gif <-- guiasjp /www/imoveis/imagens tp_imoveispassofundo.gif
2012.05.24 12:03 B C:\POWINTERNET\sites\guiaRgs\imoveis\2012-05-24\imagens\tp_imoveisparnamirim.gif <-- guiasjp /www/imoveis/imagens tp_imoveisparnamirim.gif
2012.05.24 12:03 B C:\POWINTERNET\sites\guiaRgs\imoveis\2012-05-24\imagens\tp_imoveispalhoca.gif <-- guiasjp /www/imoveis/imagens tp_imoveispalhoca.gif
2012.05.24 12:03 B C:\POWINTERNET\sites\guiaRgs\imoveis\2012-05-24\imagens\tp_imoveisnovohamburgo.gif <-- guiasjp /www/imoveis/imagens tp_imoveisnovohamburgo.gif
2012.05.24 12:03 B C:\POWINTERNET\sites\guiaRgs\imoveis\2012-05-24\imagens\tp_imoveisnovaiguacu.gif <-- guiasjp /www/imoveis/imagens tp_imoveisnovaiguacu.gif
2012.05.24 12:03 B C:\POWINTERNET\sites\guiaRgs\imoveis\2012-05-24\imagens\tp_imoveismossoro.gif <-- guiasjp /www/imoveis/imagens tp_imoveismossoro.gif
2012.05.24 12:03 B C:\POWINTERNET\sites\guiaRgs\imoveis\2012-05-24\imagens\tp_imoveismaua.gif <-- guiasjp /www/imoveis/imagens tp_imoveismaua.gif
2012.05.24 12:03 B C:\POWINTERNET\sites\guiaRgs\imoveis\2012-05-24\imagens\tp_imoveismaracanau.gif <-- guiasjp /www/imoveis/imagens tp_imoveismaracanau.gif
2012.05.24 12:03 B C:\POWINTERNET\sites\guiaRgs\imoveis\2012-05-24\imagens\tp_imoveismage.gif <-- guiasjp /www/imoveis/imagens tp_imoveismage.gif
2012.05.24 12:03 B C:\POWINTERNET\sites\guiaRgs\imoveis\2012-05-24\imagens\tp_imoveislaguna.gif <-- guiasjp /www/imoveis/imagens tp_imoveislaguna.gif
2012.05.24 12:03 B C:\POWINTERNET\sites\guiaRgs\imoveis\2012-05-24\imagens\tp_imoveislages.gif <-- guiasjp /www/imoveis/imagens tp_imoveislages.gif
2012.05.24 12:03 B C:\POWINTERNET\sites\guiaRgs\imoveis\2012-05-24\imagens\tp_imoveisjuazeirodonorte.gif <-- guiasjp /www/imoveis/imagens tp_imoveisjuazeirodonorte.gif
2012.05.24 12:03 B C:\POWINTERNET\sites\guiaRgs\imoveis\2012-05-24\imagens\tp_imoveisjiparana.gif <-- guiasjp /www/imoveis/imagens tp_imoveisjiparana.gif
2012.05.24 12:03 B C:\POWINTERNET\sites\guiaRgs\imoveis\2012-05-24\imagens\tp_imoveisjaraguadosul.gif <-- guiasjp /www/imoveis/imagens tp_imoveisjaraguadosul.gif
2012.05.24 12:03 B C:\POWINTERNET\sites\guiaRgs\imoveis\2012-05-24\imagens\tp_imoveisjacarei.gif <-- guiasjp /www/imoveis/imagens tp_imoveisjacarei.gif
2012.05.24 12:03 B C:\POWINTERNET\sites\guiaRgs\imoveis\2012-05-24\imagens\tp_imoveisitapevi.gif <-- guiasjp /www/imoveis/imagens tp_imoveisitapevi.gif
2012.05.24 12:03 B C:\POWINTERNET\sites\guiaRgs\imoveis\2012-05-24\imagens\tp_imoveisitaborai.gif <-- guiasjp /www/imoveis/imagens tp_imoveisitaborai.gif
2012.05.24 12:03 B C:\POWINTERNET\sites\guiaRgs\imoveis\2012-05-24\imagens\tp_imoveisimbe.gif <-- guiasjp /www/imoveis/imagens tp_imoveisimbe.gif
2012.05.24 12:03 B C:\POWINTERNET\sites\guiaRgs\imoveis\2012-05-24\imagens\tp_imoveiserechim.gif <-- guiasjp /www/imoveis/imagens tp_imoveiserechim.gif
2012.05.24 12:03 B C:\POWINTERNET\sites\guiaRgs\imoveis\2012-05-24\imagens\tp_imoveisemembu.gif <-- guiasjp /www/imoveis/imagens tp_imoveisemembu.gif
2012.05.24 12:03 B C:\POWINTERNET\sites\guiaRgs\imoveis\2012-05-24\imagens\tp_imoveisemchapeco.gif <-- guiasjp /www/imoveis/imagens tp_imoveisemchapeco.gif
2012.05.24 12:03 B C:\POWINTERNET\sites\guiaRgs\imoveis\2012-05-24\imagens\tp_imoveisemcaxiasdosul.gif <-- guiasjp /www/imoveis/imagens tp_imoveisemcaxiasdosul.gif
2012.05.24 12:03 B C:\POWINTERNET\sites\guiaRgs\imoveis\2012-05-24\imagens\tp_imoveisembarravelha.gif <-- guiasjp /www/imoveis/imagens tp_imoveisembarravelha.gif
2012.05.24 12:03 B C:\POWINTERNET\sites\guiaRgs\imoveis\2012-05-24\imagens\tp_imoveisembarradosul.gif <-- guiasjp /www/imoveis/imagens tp_imoveisembarradosul.gif
2012.05.24 12:03 B C:\POWINTERNET\sites\guiaRgs\imoveis\2012-05-24\imagens\tp_imoveisemarraialdosal.gif <-- guiasjp /www/imoveis/imagens tp_imoveisemarraialdosal.gif
2012.05.24 12:03 B C:\POWINTERNET\sites\guiaRgs\imoveis\2012-05-24\imagens\tp_imoveisemarraialdocabo.gif <-- guiasjp /www/imoveis/imagens tp_imoveisemarraialdocabo.gif
2012.05.24 12:03 B C:\POWINTERNET\sites\guiaRgs\imoveis\2012-05-24\imagens\tp_imoveisemararaquara.gif <-- guiasjp /www/imoveis/imagens tp_imoveisemararaquara.gif
2012.05.24 12:03 B C:\POWINTERNET\sites\guiaRgs\imoveis\2012-05-24\imagens\tp_imoveisemanapolis.gif <-- guiasjp /www/imoveis/imagens tp_imoveisemanapolis.gif
2012.05.24 12:03 B C:\POWINTERNET\sites\guiaRgs\imoveis\2012-05-24\imagens\tp_imoveisduquedecaxias.gif <-- guiasjp /www/imoveis/imagens tp_imoveisduquedecaxias.gif
2012.05.24 12:03 B C:\POWINTERNET\sites\guiaRgs\imoveis\2012-05-24\imagens\tp_imoveiscriciuma.gif <-- guiasjp /www/imoveis/imagens tp_imoveiscriciuma.gif
2012.05.24 12:03 B C:\POWINTERNET\sites\guiaRgs\imoveis\2012-05-24\imagens\tp_imoveiscidreira.gif <-- guiasjp /www/imoveis/imagens tp_imoveiscidreira.gif
2012.05.24 12:03 B C:\POWINTERNET\sites\guiaRgs\imoveis\2012-05-24\imagens\tp_imoveiscariacica.gif <-- guiasjp /www/imoveis/imagens tp_imoveiscariacica.gif
2012.05.24 12:03 B C:\POWINTERNET\sites\guiaRgs\imoveis\2012-05-24\imagens\tp_imoveiscarapicuiba.gif <-- guiasjp /www/imoveis/imagens tp_imoveiscarapicuiba.gif
2012.05.24 12:03 B C:\POWINTERNET\sites\guiaRgs\imoveis\2012-05-24\imagens\tp_imoveisbrusque.gif <-- guiasjp /www/imoveis/imagens tp_imoveisbrusque.gif
2012.05.24 12:03 B C:\POWINTERNET\sites\guiaRgs\imoveis\2012-05-24\imagens\tp_imoveisboavista.gif <-- guiasjp /www/imoveis/imagens tp_imoveisboavista.gif
2012.05.24 12:03 B C:\POWINTERNET\sites\guiaRgs\imoveis\2012-05-24\imagens\tp_imoveisbelfordroxo.gif <-- guiasjp /www/imoveis/imagens tp_imoveisbelfordroxo.gif
2012.05.24 12:03 B C:\POWINTERNET\sites\guiaRgs\imoveis\2012-05-24\imagens\tp_imoveisbarueri.gif <-- guiasjp /www/imoveis/imagens tp_imoveisbarueri.gif
2012.05.24 12:03 B C:\POWINTERNET\sites\guiaRgs\imoveis\2012-05-24\imagens\tp_imoveisbarramansa.gif <-- guiasjp /www/imoveis/imagens tp_imoveisbarramansa.gif
2012.05.24 12:03 B C:\POWINTERNET\sites\guiaRgs\imoveis\2012-05-24\imagens\tp_imoveisbalneariopinhal.gif <-- guiasjp /www/imoveis/imagens tp_imoveisbalneariopinhal.gif
2012.05.24 12:03 B C:\POWINTERNET\sites\guiaRgs\imoveis\2012-05-24\imagens\tp_imoveisbalneariopicarras.gif <-- guiasjp /www/imoveis/imagens tp_imoveisbalneariopicarras.gif
2012.05.24 12:03 B C:\POWINTERNET\sites\guiaRgs\imoveis\2012-05-24\imagens\tp_imoveisarapiraca.gif <-- guiasjp /www/imoveis/imagens tp_imoveisarapiraca.gif
2012.05.24 12:03 B C:\POWINTERNET\sites\guiaRgs\imoveis\2012-05-24\imagens\tp_imoveisananindeua.gif <-- guiasjp /www/imoveis/imagens tp_imoveisananindeua.gif
2012.05.24 12:03 B C:\POWINTERNET\sites\guiaRgs\imoveis\2012-05-24\imagens\tp_imoveisamericana.gif <-- guiasjp /www/imoveis/imagens tp_imoveisamericana.gif
2012.05.24 12:03 B C:\POWINTERNET\sites\guiaRgs\imoveis\2012-05-24\imagens\tp_camposdosgoytacazes.gif <-- guiasjp /www/imoveis/imagens tp_camposdosgoytacazes.gif
2012.05.24 12:03 B C:\POWINTERNET\sites\guiaRgs\imoveis\2012-05-24\imagens\tp_aparecidadegoiania.gif <-- guiasjp /www/imoveis/imagens tp_aparecidadegoiania.gif
2012.05.24 12:03 B C:\POWINTERNET\sites\guiaRgs\imoveis\2012-05-24\imagens\tp_imoveispenhasc.gif <-- guiasjp /www/imoveis/imagens tp_imoveispenhasc.gif
2012.05.24 12:03 B C:\POWINTERNET\sites\guiaRgs\imoveis\2012-05-24\imagens\tp_imoveispelotas.gif <-- guiasjp /www/imoveis/imagens tp_imoveispelotas.gif
2012.05.24 12:03 B C:\POWINTERNET\sites\guiaRgs\imoveis\2012-05-24\imagens\tp_imoveisjoinvillesc.gif <-- guiasjp /www/imoveis/imagens tp_imoveisjoinvillesc.gif
2012.05.24 12:03 B C:\POWINTERNET\sites\guiaRgs\imoveis\2012-05-24\imagens\tp_imoveisitapoasc.gif <-- guiasjp /www/imoveis/imagens tp_imoveisitapoasc.gif
2012.05.24 12:03 B C:\POWINTERNET\sites\guiaRgs\imoveis\2012-05-24\imagens\tp_imoveisvarzeagrande.gif <-- guiasjp /www/imoveis/imagens tp_imoveisvarzeagrande.gif
2012.05.24 12:03 B C:\POWINTERNET\sites\guiaRgs\imoveis\2012-05-24\imagens\tp_imoveisuberaba.gif <-- guiasjp /www/imoveis/imagens tp_imoveisuberaba.gif
2012.05.24 12:03 B C:\POWINTERNET\sites\guiaRgs\imoveis\2012-05-24\imagens\tp_imoveisubatubasp.gif <-- guiasjp /www/imoveis/imagens tp_imoveisubatubasp.gif
2012.05.24 12:03 B C:\POWINTERNET\sites\guiaRgs\imoveis\2012-05-24\imagens\tp_imoveistaubatesp.gif <-- guiasjp /www/imoveis/imagens tp_imoveistaubatesp.gif
2012.05.24 12:03 B C:\POWINTERNET\sites\guiaRgs\imoveis\2012-05-24\imagens\tp_imoveistanhaemsp.gif <-- guiasjp /www/imoveis/imagens tp_imoveistanhaemsp.gif
2012.05.24 12:03 B C:\POWINTERNET\sites\guiaRgs\imoveis\2012-05-24\imagens\tp_imoveistaboaodaserra.gif <-- guiasjp /www/imoveis/imagens tp_imoveistaboaodaserra.gif
2012.05.24 12:03 B C:\POWINTERNET\sites\guiaRgs\imoveis\2012-05-24\imagens\tp_imoveissuzano.gif <-- guiasjp /www/imoveis/imagens tp_imoveissuzano.gif
2012.05.24 12:03 B C:\POWINTERNET\sites\guiaRgs\imoveis\2012-05-24\imagens\tp_imoveissorocabasp.gif <-- guiasjp /www/imoveis/imagens tp_imoveissorocabasp.gif
2012.05.24 12:03 B C:\POWINTERNET\sites\guiaRgs\imoveis\2012-05-24\imagens\tp_imoveissobral.gif <-- guiasjp /www/imoveis/imagens tp_imoveissobral.gif
2012.05.24 12:04 B C:\POWINTERNET\sites\guiaRgs\imoveis\2012-05-24\imagens\tp_imoveissaovicente.gif <-- guiasjp /www/imoveis/imagens tp_imoveissaovicente.gif
2012.05.24 12:04 B C:\POWINTERNET\sites\guiaRgs\imoveis\2012-05-24\imagens\tp_imoveissaoluizama.gif <-- guiasjp /www/imoveis/imagens tp_imoveissaoluizama.gif
2012.05.24 12:04 B C:\POWINTERNET\sites\guiaRgs\imoveis\2012-05-24\imagens\tp_imoveissaolisma.gif <-- guiasjp /www/imoveis/imagens tp_imoveissaolisma.gif
2012.05.24 12:04 B C:\POWINTERNET\sites\guiaRgs\imoveis\2012-05-24\imagens\tp_imoveissaojosedoriopreto.gif <-- guiasjp /www/imoveis/imagens tp_imoveissaojosedoriopreto.gif
2012.05.24 12:04 B C:\POWINTERNET\sites\guiaRgs\imoveis\2012-05-24\imagens\tp_imoveissantarita.gif <-- guiasjp /www/imoveis/imagens tp_imoveissantarita.gif
2012.05.24 12:04 B C:\POWINTERNET\sites\guiaRgs\imoveis\2012-05-24\imagens\tp_imoveissantarem.gif <-- guiasjp /www/imoveis/imagens tp_imoveissantarem.gif
2012.05.24 12:04 B C:\POWINTERNET\sites\guiaRgs\imoveis\2012-05-24\imagens\tp_imoveissantaluzia.gif <-- guiasjp /www/imoveis/imagens tp_imoveissantaluzia.gif
2012.05.24 12:04 B C:\POWINTERNET\sites\guiaRgs\imoveis\2012-05-24\imagens\tp_imoveissalvaborda.gif <-- guiasjp /www/imoveis/imagens tp_imoveissalvaborda.gif
2012.05.24 12:04 B C:\POWINTERNET\sites\guiaRgs\imoveis\2012-05-24\imagens\tp_imoveisrondonopolis.gif <-- guiasjp /www/imoveis/imagens tp_imoveisrondonopolis.gif
2012.05.24 12:04 B C:\POWINTERNET\sites\guiaRgs\imoveis\2012-05-24\imagens\tp_imoveisriodejaneirorj.gif <-- guiasjp /www/imoveis/imagens tp_imoveisriodejaneirorj.gif
2012.05.24 12:04 B C:\POWINTERNET\sites\guiaRgs\imoveis\2012-05-24\imagens\tp_imoveisribeiraopretosp.gif <-- guiasjp /www/imoveis/imagens tp_imoveisribeiraopretosp.gif
2012.05.24 12:04 B C:\POWINTERNET\sites\guiaRgs\imoveis\2012-05-24\imagens\tp_imoveispiuma.gif <-- guiasjp /www/imoveis/imagens tp_imoveispiuma.gif
2012.05.24 12:04 B C:\POWINTERNET\sites\guiaRgs\imoveis\2012-05-24\imagens\tp_imoveispetrolina.gif <-- guiasjp /www/imoveis/imagens tp_imoveispetrolina.gif
2012.05.24 12:04 B C:\POWINTERNET\sites\guiaRgs\imoveis\2012-05-24\imagens\tp_imoveisperuibesp.gif <-- guiasjp /www/imoveis/imagens tp_imoveisperuibesp.gif
2012.05.24 12:04 B C:\POWINTERNET\sites\guiaRgs\imoveis\2012-05-24\imagens\tp_imoveispaulista.gif <-- guiasjp /www/imoveis/imagens tp_imoveispaulista.gif
2012.05.24 12:04 B C:\POWINTERNET\sites\guiaRgs\imoveis\2012-05-24\imagens\tp_imoveisparintins.gif <-- guiasjp /www/imoveis/imagens tp_imoveisparintins.gif
2012.05.24 12:04 B C:\POWINTERNET\sites\guiaRgs\imoveis\2012-05-24\imagens\tp_imoveisosascosp.gif <-- guiasjp /www/imoveis/imagens tp_imoveisosascosp.gif
2012.05.24 12:04 B C:\POWINTERNET\sites\guiaRgs\imoveis\2012-05-24\imagens\tp_imoveisolinda.gif <-- guiasjp /www/imoveis/imagens tp_imoveisolinda.gif
2012.05.24 12:04 B C:\POWINTERNET\sites\guiaRgs\imoveis\2012-05-24\imagens\tp_imoveisniteroirj.gif <-- guiasjp /www/imoveis/imagens tp_imoveisniteroirj.gif
2012.05.24 12:04 B C:\POWINTERNET\sites\guiaRgs\imoveis\2012-05-24\imagens\tp_imoveismogidascruzes.gif <-- guiasjp /www/imoveis/imagens tp_imoveismogidascruzes.gif
2012.05.24 12:04 B C:\POWINTERNET\sites\guiaRgs\imoveis\2012-05-24\imagens\tp_imoveismaraba.gif <-- guiasjp /www/imoveis/imagens tp_imoveismaraba.gif
2012.05.24 12:04 B C:\POWINTERNET\sites\guiaRgs\imoveis\2012-05-24\imagens\tp_imoveismacapaap.gif <-- guiasjp /www/imoveis/imagens tp_imoveismacapaap.gif
2012.05.24 12:04 B C:\POWINTERNET\sites\guiaRgs\imoveis\2012-05-24\imagens\tp_imoveisluziania.gif <-- guiasjp /www/imoveis/imagens tp_imoveisluziania.gif
2012.05.24 12:04 B C:\POWINTERNET\sites\guiaRgs\imoveis\2012-05-24\imagens\tp_imoveislimeira.gif <-- guiasjp /www/imoveis/imagens tp_imoveislimeira.gif
2012.05.24 12:04 B C:\POWINTERNET\sites\guiaRgs\imoveis\2012-05-24\imagens\tp_imoveisjundiaisp.gif <-- guiasjp /www/imoveis/imagens tp_imoveisjundiaisp.gif
2012.05.24 12:04 B C:\POWINTERNET\sites\guiaRgs\imoveis\2012-05-24\imagens\tp_imoveisjuizpessoapb.gif <-- guiasjp /www/imoveis/imagens tp_imoveisjuizpessoapb.gif
2012.05.24 12:04 B C:\POWINTERNET\sites\guiaRgs\imoveis\2012-05-24\imagens\tp_imoveisjuizdefora.gif <-- guiasjp /www/imoveis/imagens tp_imoveisjuizdefora.gif
2012.05.24 12:04 B C:\POWINTERNET\sites\guiaRgs\imoveis\2012-05-24\imagens\tp_imoveisjuazeiro.gif <-- guiasjp /www/imoveis/imagens tp_imoveisjuazeiro.gif
2012.05.24 12:04 B C:\POWINTERNET\sites\guiaRgs\imoveis\2012-05-24\imagens\tp_imoveisitabuna.gif <-- guiasjp /www/imoveis/imagens tp_imoveisitabuna.gif
2012.05.24 12:04 B C:\POWINTERNET\sites\guiaRgs\imoveis\2012-05-24\imagens\tp_imoveisimperatriz.gif <-- guiasjp /www/imoveis/imagens tp_imoveisimperatriz.gif
2012.05.24 12:04 B C:\POWINTERNET\sites\guiaRgs\imoveis\2012-05-24\imagens\tp_imoveisilhabelasp.gif <-- guiasjp /www/imoveis/imagens tp_imoveisilhabelasp.gif
2012.05.24 12:04 B C:\POWINTERNET\sites\guiaRgs\imoveis\2012-05-24\imagens\tp_imoveishorolandiasp.gif <-- guiasjp /www/imoveis/imagens tp_imoveishorolandiasp.gif
2012.05.24 12:04 B C:\POWINTERNET\sites\guiaRgs\imoveis\2012-05-24\imagens\tp_imoveisguarulhossp.gif <-- guiasjp /www/imoveis/imagens tp_imoveisguarulhossp.gif
2012.05.24 12:04 B C:\POWINTERNET\sites\guiaRgs\imoveis\2012-05-24\imagens\tp_imoveisgravatairs.gif <-- guiasjp /www/imoveis/imagens tp_imoveisgravatairs.gif
2012.05.24 12:04 B C:\POWINTERNET\sites\guiaRgs\imoveis\2012-05-24\imagens\tp_imoveisgoianiago.gif <-- guiasjp /www/imoveis/imagens tp_imoveisgoianiago.gif
2012.05.24 12:04 B C:\POWINTERNET\sites\guiaRgs\imoveis\2012-05-24\imagens\tp_imoveisfrancasp.gif <-- guiasjp /www/imoveis/imagens tp_imoveisfrancasp.gif
2012.05.24 12:04 B C:\POWINTERNET\sites\guiaRgs\imoveis\2012-05-24\imagens\tp_imoveisfortalezace.gif <-- guiasjp /www/imoveis/imagens tp_imoveisfortalezace.gif
2012.05.24 12:04 B C:\POWINTERNET\sites\guiaRgs\imoveis\2012-05-24\imagens\tp_imoveisfeiradesantana.gif <-- guiasjp /www/imoveis/imagens tp_imoveisfeiradesantana.gif
2012.05.24 12:04 B C:\POWINTERNET\sites\guiaRgs\imoveis\2012-05-24\imagens\tp_imoveisdivinopolis.gif <-- guiasjp /www/imoveis/imagens tp_imoveisdivinopolis.gif
2012.05.24 12:04 B C:\POWINTERNET\sites\guiaRgs\imoveis\2012-05-24\imagens\tp_imoveiscolatina.gif <-- guiasjp /www/imoveis/imagens tp_imoveiscolatina.gif
2012.05.24 12:04 B C:\POWINTERNET\sites\guiaRgs\imoveis\2012-05-24\imagens\tp_imoveiscaucaia.gif <-- guiasjp /www/imoveis/imagens tp_imoveiscaucaia.gif
2012.05.24 12:04 B C:\POWINTERNET\sites\guiaRgs\imoveis\2012-05-24\imagens\tp_imoveiscaruaru.gif <-- guiasjp /www/imoveis/imagens tp_imoveiscaruaru.gif
2012.05.24 12:04 B C:\POWINTERNET\sites\guiaRgs\imoveis\2012-05-24\imagens\tp_imoveiscanoasrs.gif <-- guiasjp /www/imoveis/imagens tp_imoveiscanoasrs.gif
2012.05.24 12:04 B C:\POWINTERNET\sites\guiaRgs\imoveis\2012-05-24\imagens\tp_imoveiscampinagrande.gif <-- guiasjp /www/imoveis/imagens tp_imoveiscampinagrande.gif
2012.05.24 12:04 B C:\POWINTERNET\sites\guiaRgs\imoveis\2012-05-24\imagens\tp_imoveiscamapari.gif <-- guiasjp /www/imoveis/imagens tp_imoveiscamapari.gif
2012.05.24 12:04 B C:\POWINTERNET\sites\guiaRgs\imoveis\2012-05-24\imagens\tp_imoveiscabofriorj.gif <-- guiasjp /www/imoveis/imagens tp_imoveiscabofriorj.gif
2012.05.24 12:04 B C:\POWINTERNET\sites\guiaRgs\imoveis\2012-05-24\imagens\tp_imoveiscabofrio.gif <-- guiasjp /www/imoveis/imagens tp_imoveiscabofrio.gif
2012.05.24 12:04 B C:\POWINTERNET\sites\guiaRgs\imoveis\2012-05-24\imagens\tp_imoveisbetim.gif <-- guiasjp /www/imoveis/imagens tp_imoveisbetim.gif
2012.05.24 12:04 B C:\POWINTERNET\sites\guiaRgs\imoveis\2012-05-24\imagens\tp_imoveisbelohorizontemg.gif <-- guiasjp /www/imoveis/imagens tp_imoveisbelohorizontemg.gif
2012.05.24 12:04 B C:\POWINTERNET\sites\guiaRgs\imoveis\2012-05-24\imagens\tp_imoveisbaurusp.gif <-- guiasjp /www/imoveis/imagens tp_imoveisbaurusp.gif
2012.05.24 12:04 B C:\POWINTERNET\sites\guiaRgs\imoveis\2012-05-24\imagens\tp_imoveisaraguaina.gif <-- guiasjp /www/imoveis/imagens tp_imoveisaraguaina.gif
2012.05.24 12:04 B C:\POWINTERNET\sites\guiaRgs\imoveis\2012-05-24\imagens\tp_guiaimoveissantos.gif <-- guiasjp /www/imoveis/imagens tp_guiaimoveissantos.gif
2012.05.24 12:04 B C:\POWINTERNET\sites\guiaRgs\imoveis\2012-05-24\imagens\tp_guiaimoveisportoalegre.gif <-- guiasjp /www/imoveis/imagens tp_guiaimoveisportoalegre.gif
2012.05.24 12:04 B C:\POWINTERNET\sites\guiaRgs\imoveis\2012-05-24\imagens\tp_guiaimoveisnatal.gif <-- guiasjp /www/imoveis/imagens tp_guiaimoveisnatal.gif
2012.05.24 12:04 B C:\POWINTERNET\sites\guiaRgs\imoveis\2012-05-24\imagens\tp_guiaimoveismongagua.gif <-- guiasjp /www/imoveis/imagens tp_guiaimoveismongagua.gif
2012.05.24 12:04 B C:\POWINTERNET\sites\guiaRgs\imoveis\2012-05-24\imagens\tp_guiaimoveismanaus.gif <-- guiasjp /www/imoveis/imagens tp_guiaimoveismanaus.gif
2012.05.24 12:04 B C:\POWINTERNET\sites\guiaRgs\imoveis\2012-05-24\imagens\tp_guiaimoveismaceio.gif <-- guiasjp /www/imoveis/imagens tp_guiaimoveismaceio.gif
2012.05.24 12:04 B C:\POWINTERNET\sites\guiaRgs\imoveis\2012-05-24\imagens\tp_guiaimoveisitapema.gif <-- guiasjp /www/imoveis/imagens tp_guiaimoveisitapema.gif
2012.05.24 12:04 B C:\POWINTERNET\sites\guiaRgs\imoveis\2012-05-24\imagens\tp_guiaimoveisflorianopolis.gif <-- guiasjp /www/imoveis/imagens tp_guiaimoveisflorianopolis.gif
2012.05.24 12:04 B C:\POWINTERNET\sites\guiaRgs\imoveis\2012-05-24\imagens\tp_guiaimoveiscampogrande.gif <-- guiasjp /www/imoveis/imagens tp_guiaimoveiscampogrande.gif
2012.05.24 12:04 B C:\POWINTERNET\sites\guiaRgs\imoveis\2012-05-24\imagens\tp_guiaimoveiscampinas.gif <-- guiasjp /www/imoveis/imagens tp_guiaimoveiscampinas.gif
2012.05.24 12:04 B C:\POWINTERNET\sites\guiaRgs\imoveis\2012-05-24\imagens\tp_guiaimoveisbrasilia.gif <-- guiasjp /www/imoveis/imagens tp_guiaimoveisbrasilia.gif
2012.05.24 12:04 B C:\POWINTERNET\sites\guiaRgs\imoveis\2012-05-24\imagens\tp_guiaimoveisbombinhas.gif <-- guiasjp /www/imoveis/imagens tp_guiaimoveisbombinhas.gif
2012.05.24 12:04 B C:\POWINTERNET\sites\guiaRgs\imoveis\2012-05-24\imagens\tp_imoveismanaus.gif <-- guiasjp /www/imoveis/imagens tp_imoveismanaus.gif
2012.05.24 12:04 B C:\POWINTERNET\sites\guiaRgs\imoveis\2012-05-24\imagens\tp_anuncie.gif <-- guiasjp /www/imoveis/imagens tp_anuncie.gif
2012.05.24 12:04 B C:\POWINTERNET\sites\guiaRgs\imoveis\2012-05-24\imagens\tp_imoveiscontagem.gif <-- guiasjp /www/imoveis/imagens tp_imoveiscontagem.gif
2012.05.24 12:04 B C:\POWINTERNET\sites\guiaRgs\imoveis\2012-05-24\imagens\breve.swf <-- guiasjp /www/imoveis/imagens breve.swf
2012.05.24 12:04 B C:\POWINTERNET\sites\guiaRgs\imoveis\2012-05-24\imagens\breve.jpg <-- guiasjp /www/imoveis/imagens breve.jpg
2012.05.24 12:04 B C:\POWINTERNET\sites\guiaRgs\imoveis\2012-05-24\imagens\tp_balncamboriu.gif <-- guiasjp /www/imoveis/imagens tp_balncamboriu.gif
2012.05.24 12:04 B C:\POWINTERNET\sites\guiaRgs\imoveis\2012-05-24\imagens\bt_pedidos.gif <-- guiasjp /www/imoveis/imagens bt_pedidos.gif
2012.05.24 12:04 B C:\POWINTERNET\sites\guiaRgs\imoveis\2012-05-24\imagens\bt_contrate.gif <-- guiasjp /www/imoveis/imagens bt_contrate.gif
2012.05.24 12:04 B C:\POWINTERNET\sites\guiaRgs\imoveis\2012-05-24\imagens\tp_imoveiscornelio.gif <-- guiasjp /www/imoveis/imagens tp_imoveiscornelio.gif
2012.05.24 12:04 B C:\POWINTERNET\sites\guiaRgs\imoveis\2012-05-24\imagens\tp_imoveistoledo.gif <-- guiasjp /www/imoveis/imagens tp_imoveistoledo.gif
2012.05.24 12:04 B C:\POWINTERNET\sites\guiaRgs\imoveis\2012-05-24\imagens\tp_Rede.jpg <-- guiasjp /www/imoveis/imagens tp_Rede.jpg
2012.05.24 12:04 B C:\POWINTERNET\sites\guiaRgs\imoveis\2012-05-24\imagens\resultadodeimoveis.jpg <-- guiasjp /www/imoveis/imagens resultadodeimoveis.jpg
2012.05.24 12:04 B C:\POWINTERNET\sites\guiaRgs\imoveis\2012-05-24\imagens\imobiliarias.jpg <-- guiasjp /www/imoveis/imagens imobiliarias.jpg
2012.05.24 12:04 B C:\POWINTERNET\sites\guiaRgs\imoveis\2012-05-24\imagens\fichadoimovel2.jpg <-- guiasjp /www/imoveis/imagens fichadoimovel2.jpg
2012.05.24 12:04 B C:\POWINTERNET\sites\guiaRgs\imoveis\2012-05-24\imagens\destaquenapaginainicial.jpg <-- guiasjp /www/imoveis/imagens destaquenapaginainicial.jpg
2012.05.24 12:04 B C:\POWINTERNET\sites\guiaRgs\imoveis\2012-05-24\imagens\bannerlateral.jpg <-- guiasjp /www/imoveis/imagens bannerlateral.jpg
2012.05.24 12:04 B C:\POWINTERNET\sites\guiaRgs\imoveis\2012-05-24\imagens\tp_riobranco.gif <-- guiasjp /www/imoveis/imagens tp_riobranco.gif
2012.05.24 12:04 B C:\POWINTERNET\sites\guiaRgs\imoveis\2012-05-24\imagens\tp_quatrobarras.gif <-- guiasjp /www/imoveis/imagens tp_quatrobarras.gif
2012.05.24 12:04 B C:\POWINTERNET\sites\guiaRgs\imoveis\2012-05-24\imagens\tp_imoveisuniaodavitoria.gif <-- guiasjp /www/imoveis/imagens tp_imoveisuniaodavitoria.gif
2012.05.24 12:04 B C:\POWINTERNET\sites\guiaRgs\imoveis\2012-05-24\imagens\tp_imoveisumuarama.gif <-- guiasjp /www/imoveis/imagens tp_imoveisumuarama.gif
2012.05.24 12:04 B C:\POWINTERNET\sites\guiaRgs\imoveis\2012-05-24\imagens\tp_imoveistelemacoborba.gif <-- guiasjp /www/imoveis/imagens tp_imoveistelemacoborba.gif
2012.05.24 12:04 B C:\POWINTERNET\sites\guiaRgs\imoveis\2012-05-24\imagens\tp_imoveissp_.gif <-- guiasjp /www/imoveis/imagens tp_imoveissp_.gif
2012.05.24 12:04 B C:\POWINTERNET\sites\guiaRgs\imoveis\2012-05-24\imagens\tp_imoveissjp.gif <-- guiasjp /www/imoveis/imagens tp_imoveissjp.gif
2012.05.24 12:04 B C:\POWINTERNET\sites\guiaRgs\imoveis\2012-05-24\imagens\tp_imoveissarandi.gif <-- guiasjp /www/imoveis/imagens tp_imoveissarandi.gif
2012.05.24 12:04 B C:\POWINTERNET\sites\guiaRgs\imoveis\2012-05-24\imagens\tp_imoveispinhais.gif <-- guiasjp /www/imoveis/imagens tp_imoveispinhais.gif
2012.05.24 12:04 B C:\POWINTERNET\sites\guiaRgs\imoveis\2012-05-24\imagens\tp_imoveispg.gif <-- guiasjp /www/imoveis/imagens tp_imoveispg.gif
2012.05.24 12:04 B C:\POWINTERNET\sites\guiaRgs\imoveis\2012-05-24\imagens\tp_imoveispdp.gif <-- guiasjp /www/imoveis/imagens tp_imoveispdp.gif
2012.05.24 12:04 B C:\POWINTERNET\sites\guiaRgs\imoveis\2012-05-24\imagens\tp_imoveispatobranco.gif <-- guiasjp /www/imoveis/imagens tp_imoveispatobranco.gif
2012.05.24 12:04 B C:\POWINTERNET\sites\guiaRgs\imoveis\2012-05-24\imagens\tp_imoveisparanavai.gif <-- guiasjp /www/imoveis/imagens tp_imoveisparanavai.gif
2012.05.24 12:04 B C:\POWINTERNET\sites\guiaRgs\imoveis\2012-05-24\imagens\tp_imoveisparanagua.gif <-- guiasjp /www/imoveis/imagens tp_imoveisparanagua.gif
2012.05.24 12:04 B C:\POWINTERNET\sites\guiaRgs\imoveis\2012-05-24\imagens\tp_imoveismedianeira.gif <-- guiasjp /www/imoveis/imagens tp_imoveismedianeira.gif
2012.05.24 12:04 B C:\POWINTERNET\sites\guiaRgs\imoveis\2012-05-24\imagens\tp_imoveismaringa.gif <-- guiasjp /www/imoveis/imagens tp_imoveismaringa.gif
2012.05.24 12:04 B C:\POWINTERNET\sites\guiaRgs\imoveis\2012-05-24\imagens\tp_imoveism.gif <-- guiasjp /www/imoveis/imagens tp_imoveism.gif
2012.05.24 12:04 B C:\POWINTERNET\sites\guiaRgs\imoveis\2012-05-24\imagens\tp_imoveislondrina.gif <-- guiasjp /www/imoveis/imagens tp_imoveislondrina.gif
2012.05.24 12:04 B C:\POWINTERNET\sites\guiaRgs\imoveis\2012-05-24\imagens\tp_imoveislapa.gif <-- guiasjp /www/imoveis/imagens tp_imoveislapa.gif
2012.05.24 12:04 B C:\POWINTERNET\sites\guiaRgs\imoveis\2012-05-24\imagens\tp_imoveisjacarezinho.gif <-- guiasjp /www/imoveis/imagens tp_imoveisjacarezinho.gif
2012.05.24 12:04 B C:\POWINTERNET\sites\guiaRgs\imoveis\2012-05-24\imagens\tp_imoveisirati.gif <-- guiasjp /www/imoveis/imagens tp_imoveisirati.gif
2012.05.24 12:04 B C:\POWINTERNET\sites\guiaRgs\imoveis\2012-05-24\imagens\tp_imoveisguarapuava.gif <-- guiasjp /www/imoveis/imagens tp_imoveisguarapuava.gif
2012.05.24 12:04 B C:\POWINTERNET\sites\guiaRgs\imoveis\2012-05-24\imagens\tp_imoveisgt.gif <-- guiasjp /www/imoveis/imagens tp_imoveisgt.gif
2012.05.24 12:04 B C:\POWINTERNET\sites\guiaRgs\imoveis\2012-05-24\imagens\tp_imoveisfrg.gif <-- guiasjp /www/imoveis/imagens tp_imoveisfrg.gif
2012.05.24 12:04 B C:\POWINTERNET\sites\guiaRgs\imoveis\2012-05-24\imagens\tp_imoveisfoz.gif <-- guiasjp /www/imoveis/imagens tp_imoveisfoz.gif
2012.05.24 12:04 B C:\POWINTERNET\sites\guiaRgs\imoveis\2012-05-24\imagens\tp_imoveisfb.gif <-- guiasjp /www/imoveis/imagens tp_imoveisfb.gif
2012.05.24 12:04 B C:\POWINTERNET\sites\guiaRgs\imoveis\2012-05-24\imagens\tp_imoveisdoisvizinhos.gif <-- guiasjp /www/imoveis/imagens tp_imoveisdoisvizinhos.gif
2012.05.24 12:04 B C:\POWINTERNET\sites\guiaRgs\imoveis\2012-05-24\imagens\tp_imoveiscuritiba.gif <-- guiasjp /www/imoveis/imagens tp_imoveiscuritiba.gif
2012.05.24 12:04 B C:\POWINTERNET\sites\guiaRgs\imoveis\2012-05-24\imagens\tp_imoveiscs.gif <-- guiasjp /www/imoveis/imagens tp_imoveiscs.gif
2012.05.24 12:04 B C:\POWINTERNET\sites\guiaRgs\imoveis\2012-05-24\imagens\tp_imoveiscolombo.gif <-- guiasjp /www/imoveis/imagens tp_imoveiscolombo.gif
2012.05.24 12:04 B C:\POWINTERNET\sites\guiaRgs\imoveis\2012-05-24\imagens\tp_imoveiscmagro.gif <-- guiasjp /www/imoveis/imagens tp_imoveiscmagro.gif
2012.05.24 12:04 B C:\POWINTERNET\sites\guiaRgs\imoveis\2012-05-24\imagens\tp_imoveiscianorte.gif <-- guiasjp /www/imoveis/imagens tp_imoveiscianorte.gif
2012.05.24 12:04 B C:\POWINTERNET\sites\guiaRgs\imoveis\2012-05-24\imagens\tp_imoveiscgs.gif <-- guiasjp /www/imoveis/imagens tp_imoveiscgs.gif
2012.05.24 12:04 B C:\POWINTERNET\sites\guiaRgs\imoveis\2012-05-24\imagens\tp_imoveiscascavel.gif <-- guiasjp /www/imoveis/imagens tp_imoveiscascavel.gif
2012.05.24 12:04 B C:\POWINTERNET\sites\guiaRgs\imoveis\2012-05-24\imagens\tp_imoveiscandidorondon.gif <-- guiasjp /www/imoveis/imagens tp_imoveiscandidorondon.gif
2012.05.24 12:04 B C:\POWINTERNET\sites\guiaRgs\imoveis\2012-05-24\imagens\tp_imoveiscampomourao.gif <-- guiasjp /www/imoveis/imagens tp_imoveiscampomourao.gif
2012.05.24 12:04 B C:\POWINTERNET\sites\guiaRgs\imoveis\2012-05-24\imagens\tp_imoveiscambe.gif <-- guiasjp /www/imoveis/imagens tp_imoveiscambe.gif
2012.05.24 12:04 B C:\POWINTERNET\sites\guiaRgs\imoveis\2012-05-24\imagens\tp_imoveisat.gif <-- guiasjp /www/imoveis/imagens tp_imoveisat.gif
2012.05.24 12:04 B C:\POWINTERNET\sites\guiaRgs\imoveis\2012-05-24\imagens\tp_imoveisaraucaria.gif <-- guiasjp /www/imoveis/imagens tp_imoveisaraucaria.gif
2012.05.24 12:04 B C:\POWINTERNET\sites\guiaRgs\imoveis\2012-05-24\imagens\tp_imoveisarapongas.gif <-- guiasjp /www/imoveis/imagens tp_imoveisarapongas.gif
2012.05.24 12:04 B C:\POWINTERNET\sites\guiaRgs\imoveis\2012-05-24\imagens\tp_imoveisapucarana.gif <-- guiasjp /www/imoveis/imagens tp_imoveisapucarana.gif
2012.05.24 12:04 B C:\POWINTERNET\sites\guiaRgs\imoveis\2012-05-24\imagens\tp_imoveis_venda.gif <-- guiasjp /www/imoveis/imagens tp_imoveis_venda.gif
2012.05.24 12:04 B C:\POWINTERNET\sites\guiaRgs\imoveis\2012-05-24\imagens\tp_imoveis_locacao.gif <-- guiasjp /www/imoveis/imagens tp_imoveis_locacao.gif
2012.05.24 12:04 B C:\POWINTERNET\sites\guiaRgs\imoveis\2012-05-24\imagens\tp_imobiliarias.gif <-- guiasjp /www/imoveis/imagens tp_imobiliarias.gif
2012.05.24 12:04 B C:\POWINTERNET\sites\guiaRgs\imoveis\2012-05-24\imagens\tp_imobemcl.gif <-- guiasjp /www/imoveis/imagens tp_imobemcl.gif
2012.05.24 12:04 B C:\POWINTERNET\sites\guiaRgs\imoveis\2012-05-24\imagens\tp_guiaimoveissaopaulo.gif <-- guiasjp /www/imoveis/imagens tp_guiaimoveissaopaulo.gif
2012.05.24 12:04 B C:\POWINTERNET\sites\guiaRgs\imoveis\2012-05-24\imagens\tp_bocaiuva.gif <-- guiasjp /www/imoveis/imagens tp_bocaiuva.gif
2012.05.24 12:04 B C:\POWINTERNET\sites\guiaRgs\imoveis\2012-05-24\imagens\topo2.gif <-- guiasjp /www/imoveis/imagens topo2.gif
2012.05.24 12:04 B C:\POWINTERNET\sites\guiaRgs\imoveis\2012-05-24\imagens\fundo_menu_imoveis.jpg <-- guiasjp /www/imoveis/imagens fundo_menu_imoveis.jpg
2012.05.24 12:04 B C:\POWINTERNET\sites\guiaRgs\imoveis\2012-05-24\imagens\favicon.ico <-- guiasjp /www/imoveis/imagens favicon.ico
2012.05.24 12:04 B C:\POWINTERNET\sites\guiaRgs\imoveis\2012-05-24\imagens\cantos2.gif <-- guiasjp /www/imoveis/imagens cantos2.gif
2012.05.24 12:04 B C:\POWINTERNET\sites\guiaRgs\imoveis\2012-05-24\imagens\cantos1.gif <-- guiasjp /www/imoveis/imagens cantos1.gif
2012.05.24 12:04 B C:\POWINTERNET\sites\guiaRgs\imoveis\2012-05-24\imagens\breve_.jpg <-- guiasjp /www/imoveis/imagens breve_.jpg
2012.05.24 12:04 B C:\POWINTERNET\sites\guiaRgs\imoveis\2012-05-24\imagens\tp_imoveiscapital.gif <-- guiasjp /www/imoveis/imagens tp_imoveiscapital.gif
2012.05.24 12:04 B C:\POWINTERNET\sites\guiaRgs\imoveis\2012-05-24\imagens\im4.gif <-- guiasjp /www/imoveis/imagens im4.gif
2012.05.24 12:04 B C:\POWINTERNET\sites\guiaRgs\imoveis\2012-05-24\imagens\im3.gif <-- guiasjp /www/imoveis/imagens im3.gif
2012.05.24 12:04 B C:\POWINTERNET\sites\guiaRgs\imoveis\2012-05-24\imagens\im2.gif <-- guiasjp /www/imoveis/imagens im2.gif
2012.05.24 12:04 B C:\POWINTERNET\sites\guiaRgs\imoveis\2012-05-24\imagens\im1.gif <-- guiasjp /www/imoveis/imagens im1.gif
2012.05.24 12:04 B C:\POWINTERNET\sites\guiaRgs\imoveis\2012-05-24\imagens\tp_balncamboriu_00.gif <-- guiasjp /www/imoveis/imagens tp_balncamboriu_00.gif
2012.05.24 12:04 B C:\POWINTERNET\sites\guiaRgs\imoveis\2012-05-24\imagens\icone_warning.jpg <-- guiasjp /www/imoveis/imagens icone_warning.jpg
2012.05.24 12:04 B C:\POWINTERNET\sites\guiaRgs\imoveis\2012-05-24\imagens\menu.swf <-- guiasjp /www/imoveis/imagens menu.swf
2012.05.24 12:04 B C:\POWINTERNET\sites\guiaRgs\imoveis\2012-05-24\imagens\menu_00.swf <-- guiasjp /www/imoveis/imagens menu_00.swf
2012.05.24 12:04 B C:\POWINTERNET\sites\guiaRgs\imoveis\2012-05-24\imagens\img_pergunte_imob.gif <-- guiasjp /www/imoveis/imagens img_pergunte_imob.gif
2012.05.24 12:04 B C:\POWINTERNET\sites\guiaRgs\imoveis\2012-05-24\imagens\img_mais_fotos.gif <-- guiasjp /www/imoveis/imagens img_mais_fotos.gif
2012.05.24 12:04 B C:\POWINTERNET\sites\guiaRgs\imoveis\2012-05-24\imagens\voltar.gif <-- guiasjp /www/imoveis/imagens voltar.gif
2012.05.24 12:04 B C:\POWINTERNET\sites\guiaRgs\imoveis\2012-05-24\imagens\tt_vendaelocacao.gif <-- guiasjp /www/imoveis/imagens tt_vendaelocacao.gif
2012.05.24 12:04 B C:\POWINTERNET\sites\guiaRgs\imoveis\2012-05-24\imagens\tt_venda.gif <-- guiasjp /www/imoveis/imagens tt_venda.gif
2012.05.24 12:04 B C:\POWINTERNET\sites\guiaRgs\imoveis\2012-05-24\imagens\tt_locacao.gif <-- guiasjp /www/imoveis/imagens tt_locacao.gif
2012.05.24 12:04 B C:\POWINTERNET\sites\guiaRgs\imoveis\2012-05-24\imagens\tp_vendas.gif <-- guiasjp /www/imoveis/imagens tp_vendas.gif
2012.05.24 12:04 B C:\POWINTERNET\sites\guiaRgs\imoveis\2012-05-24\imagens\tp_selecionados.gif <-- guiasjp /www/imoveis/imagens tp_selecionados.gif
2012.05.24 12:04 B C:\POWINTERNET\sites\guiaRgs\imoveis\2012-05-24\imagens\tp_quemsomos.gif <-- guiasjp /www/imoveis/imagens tp_quemsomos.gif
2012.05.24 12:04 B C:\POWINTERNET\sites\guiaRgs\imoveis\2012-05-24\imagens\tp_pesquisar.gif <-- guiasjp /www/imoveis/imagens tp_pesquisar.gif
2012.05.24 12:04 B C:\POWINTERNET\sites\guiaRgs\imoveis\2012-05-24\imagens\tp_pedido_informacao.gif <-- guiasjp /www/imoveis/imagens tp_pedido_informacao.gif
2012.05.24 12:04 B C:\POWINTERNET\sites\guiaRgs\imoveis\2012-05-24\imagens\tp_parcerias.gif <-- guiasjp /www/imoveis/imagens tp_parcerias.gif
2012.05.24 12:04 B C:\POWINTERNET\sites\guiaRgs\imoveis\2012-05-24\imagens\tp_noticias.gif <-- guiasjp /www/imoveis/imagens tp_noticias.gif
2012.05.24 12:05 B C:\POWINTERNET\sites\guiaRgs\imoveis\2012-05-24\imagens\tp_naoencontrei.gif <-- guiasjp /www/imoveis/imagens tp_naoencontrei.gif
2012.05.24 12:05 B C:\POWINTERNET\sites\guiaRgs\imoveis\2012-05-24\imagens\tp_loteamentos.gif <-- guiasjp /www/imoveis/imagens tp_loteamentos.gif
2012.05.24 12:05 B C:\POWINTERNET\sites\guiaRgs\imoveis\2012-05-24\imagens\tp_locacao.gif <-- guiasjp /www/imoveis/imagens tp_locacao.gif
2012.05.24 12:05 B C:\POWINTERNET\sites\guiaRgs\imoveis\2012-05-24\imagens\tp_lancamentos.gif <-- guiasjp /www/imoveis/imagens tp_lancamentos.gif
2012.05.24 12:05 B C:\POWINTERNET\sites\guiaRgs\imoveis\2012-05-24\imagens\tp_indique.gif <-- guiasjp /www/imoveis/imagens tp_indique.gif
2012.05.24 12:05 B C:\POWINTERNET\sites\guiaRgs\imoveis\2012-05-24\imagens\tp_imoveispinhais.jpg <-- guiasjp /www/imoveis/imagens tp_imoveispinhais.jpg
2012.05.24 12:05 B C:\POWINTERNET\sites\guiaRgs\imoveis\2012-05-24\imagens\tp_imoveiscapital_.gif <-- guiasjp /www/imoveis/imagens tp_imoveiscapital_.gif
2012.05.24 12:05 B C:\POWINTERNET\sites\guiaRgs\imoveis\2012-05-24\imagens\tp_imoveiscapital.jpg <-- guiasjp /www/imoveis/imagens tp_imoveiscapital.jpg
2012.05.24 12:05 B C:\POWINTERNET\sites\guiaRgs\imoveis\2012-05-24\imagens\tp_faleconosco.gif <-- guiasjp /www/imoveis/imagens tp_faleconosco.gif
2012.05.24 12:05 B C:\POWINTERNET\sites\guiaRgs\imoveis\2012-05-24\imagens\tp_duvidas.gif <-- guiasjp /www/imoveis/imagens tp_duvidas.gif
2012.05.24 12:05 B C:\POWINTERNET\sites\guiaRgs\imoveis\2012-05-24\imagens\tp_destaque_vendas.gif <-- guiasjp /www/imoveis/imagens tp_destaque_vendas.gif
2012.05.24 12:05 B C:\POWINTERNET\sites\guiaRgs\imoveis\2012-05-24\imagens\tp_destaque_locacao.gif <-- guiasjp /www/imoveis/imagens tp_destaque_locacao.gif
2012.05.24 12:05 B C:\POWINTERNET\sites\guiaRgs\imoveis\2012-05-24\imagens\tp_destaque.gif <-- guiasjp /www/imoveis/imagens tp_destaque.gif
2012.05.24 12:05 B C:\POWINTERNET\sites\guiaRgs\imoveis\2012-05-24\imagens\tp_corretor.gif <-- guiasjp /www/imoveis/imagens tp_corretor.gif
2012.05.24 12:05 B C:\POWINTERNET\sites\guiaRgs\imoveis\2012-05-24\imagens\topo.swf <-- guiasjp /www/imoveis/imagens topo.swf
2012.05.24 12:05 B C:\POWINTERNET\sites\guiaRgs\imoveis\2012-05-24\imagens\topo.gif <-- guiasjp /www/imoveis/imagens topo.gif
2012.05.24 12:05 B C:\POWINTERNET\sites\guiaRgs\imoveis\2012-05-24\imagens\t.gif <-- guiasjp /www/imoveis/imagens t.gif
2012.05.24 12:05 B C:\POWINTERNET\sites\guiaRgs\imoveis\2012-05-24\imagens\selecao.gif <-- guiasjp /www/imoveis/imagens selecao.gif
2012.05.24 12:05 B C:\POWINTERNET\sites\guiaRgs\imoveis\2012-05-24\imagens\resultado.jpg <-- guiasjp /www/imoveis/imagens resultado.jpg
2012.05.24 12:05 B C:\POWINTERNET\sites\guiaRgs\imoveis\2012-05-24\imagens\resultado.gif <-- guiasjp /www/imoveis/imagens resultado.gif
2012.05.24 12:05 B C:\POWINTERNET\sites\guiaRgs\imoveis\2012-05-24\imagens\remover.gif <-- guiasjp /www/imoveis/imagens remover.gif
2012.05.24 12:05 B C:\POWINTERNET\sites\guiaRgs\imoveis\2012-05-24\imagens\pub.gif <-- guiasjp /www/imoveis/imagens pub.gif
2012.05.24 12:05 B C:\POWINTERNET\sites\guiaRgs\imoveis\2012-05-24\imagens\proximos.gif <-- guiasjp /www/imoveis/imagens proximos.gif
2012.05.24 12:05 B C:\POWINTERNET\sites\guiaRgs\imoveis\2012-05-24\imagens\pesquisaavancada.gif <-- guiasjp /www/imoveis/imagens pesquisaavancada.gif
2012.05.24 12:05 B C:\POWINTERNET\sites\guiaRgs\imoveis\2012-05-24\imagens\pesquisa.jpg <-- guiasjp /www/imoveis/imagens pesquisa.jpg
2012.05.24 12:05 B C:\POWINTERNET\sites\guiaRgs\imoveis\2012-05-24\imagens\pedir_informacao.gif <-- guiasjp /www/imoveis/imagens pedir_informacao.gif
2012.05.24 12:05 B C:\POWINTERNET\sites\guiaRgs\imoveis\2012-05-24\imagens\parcerias_guaratuba.gif <-- guiasjp /www/imoveis/imagens parcerias_guaratuba.gif
2012.05.24 12:05 B C:\POWINTERNET\sites\guiaRgs\imoveis\2012-05-24\imagens\parcerias.gif <-- guiasjp /www/imoveis/imagens parcerias.gif
2012.05.24 12:05 B C:\POWINTERNET\sites\guiaRgs\imoveis\2012-05-24\imagens\nova_busca.gif <-- guiasjp /www/imoveis/imagens nova_busca.gif
2012.05.24 12:05 B C:\POWINTERNET\sites\guiaRgs\imoveis\2012-05-24\imagens\menu_imoveis.swf <-- guiasjp /www/imoveis/imagens menu_imoveis.swf
2012.05.24 12:05 B C:\POWINTERNET\sites\guiaRgs\imoveis\2012-05-24\imagens\menu_antigo.swf <-- guiasjp /www/imoveis/imagens menu_antigo.swf
2012.05.24 12:05 B C:\POWINTERNET\sites\guiaRgs\imoveis\2012-05-24\imagens\loguinho_ab.gif <-- guiasjp /www/imoveis/imagens loguinho_ab.gif
2012.05.24 12:05 B C:\POWINTERNET\sites\guiaRgs\imoveis\2012-05-24\imagens\logo.gif <-- guiasjp /www/imoveis/imagens logo.gif
2012.05.24 12:05 B C:\POWINTERNET\sites\guiaRgs\imoveis\2012-05-24\imagens\l.gif <-- guiasjp /www/imoveis/imagens l.gif
2012.05.24 12:05 B C:\POWINTERNET\sites\guiaRgs\imoveis\2012-05-24\imagens\inicial.jpg <-- guiasjp /www/imoveis/imagens inicial.jpg
2012.05.24 12:05 B C:\POWINTERNET\sites\guiaRgs\imoveis\2012-05-24\imagens\imprimir.gif <-- guiasjp /www/imoveis/imagens imprimir.gif
2012.05.24 12:05 B C:\POWINTERNET\sites\guiaRgs\imoveis\2012-05-24\imagens\imobiliarias_00.jpg <-- guiasjp /www/imoveis/imagens imobiliarias_00.jpg
2012.05.24 12:05 B C:\POWINTERNET\sites\guiaRgs\imoveis\2012-05-24\imagens\img_pg_imoveis.jpg <-- guiasjp /www/imoveis/imagens img_pg_imoveis.jpg
2012.05.24 12:05 B C:\POWINTERNET\sites\guiaRgs\imoveis\2012-05-24\imagens\img_pg_guaratuba.jpg <-- guiasjp /www/imoveis/imagens img_pg_guaratuba.jpg
2012.05.24 12:05 B C:\POWINTERNET\sites\guiaRgs\imoveis\2012-05-24\imagens\img_logo_imoveis.gif <-- guiasjp /www/imoveis/imagens img_logo_imoveis.gif
2012.05.24 12:05 B C:\POWINTERNET\sites\guiaRgs\imoveis\2012-05-24\imagens\img_logo_guaratuba.gif <-- guiasjp /www/imoveis/imagens img_logo_guaratuba.gif
2012.05.24 12:05 B C:\POWINTERNET\sites\guiaRgs\imoveis\2012-05-24\imagens\img_corretor2005.gif <-- guiasjp /www/imoveis/imagens img_corretor2005.gif
2012.05.24 12:05 B C:\POWINTERNET\sites\guiaRgs\imoveis\2012-05-24\imagens\im_publicidade.jpg <-- guiasjp /www/imoveis/imagens im_publicidade.jpg
2012.05.24 12:05 B C:\POWINTERNET\sites\guiaRgs\imoveis\2012-05-24\imagens\icone_apaga.png <-- guiasjp /www/imoveis/imagens icone_apaga.png
2012.05.24 12:05 B C:\POWINTERNET\sites\guiaRgs\imoveis\2012-05-24\imagens\fun_publicidade.jpg <-- guiasjp /www/imoveis/imagens fun_publicidade.jpg
2012.05.24 12:05 B C:\POWINTERNET\sites\guiaRgs\imoveis\2012-05-24\imagens\fun_c2.gif <-- guiasjp /www/imoveis/imagens fun_c2.gif
2012.05.24 12:05 B C:\POWINTERNET\sites\guiaRgs\imoveis\2012-05-24\imagens\fun_c1.gif <-- guiasjp /www/imoveis/imagens fun_c1.gif
2012.05.24 12:05 B C:\POWINTERNET\sites\guiaRgs\imoveis\2012-05-24\imagens\excluir_todos.gif <-- guiasjp /www/imoveis/imagens excluir_todos.gif
2012.05.24 12:05 B C:\POWINTERNET\sites\guiaRgs\imoveis\2012-05-24\imagens\dt_naoencontrei.gif <-- guiasjp /www/imoveis/imagens dt_naoencontrei.gif
2012.05.24 12:05 B C:\POWINTERNET\sites\guiaRgs\imoveis\2012-05-24\imagens\copo_portal.jpg <-- guiasjp /www/imoveis/imagens copo_portal.jpg
2012.05.24 12:05 B C:\POWINTERNET\sites\guiaRgs\imoveis\2012-05-24\imagens\c2.gif <-- guiasjp /www/imoveis/imagens c2.gif
2012.05.24 12:05 B C:\POWINTERNET\sites\guiaRgs\imoveis\2012-05-24\imagens\c.gif <-- guiasjp /www/imoveis/imagens c.gif
2012.05.24 12:05 B C:\POWINTERNET\sites\guiaRgs\imoveis\2012-05-24\imagens\busca_avancada2.gif <-- guiasjp /www/imoveis/imagens busca_avancada2.gif
2012.05.24 12:05 B C:\POWINTERNET\sites\guiaRgs\imoveis\2012-05-24\imagens\busca_avancada.gif <-- guiasjp /www/imoveis/imagens busca_avancada.gif
2012.05.24 12:05 B C:\POWINTERNET\sites\guiaRgs\imoveis\2012-05-24\imagens\btn_enviar.jpg <-- guiasjp /www/imoveis/imagens btn_enviar.jpg
2012.05.24 12:05 B C:\POWINTERNET\sites\guiaRgs\imoveis\2012-05-24\imagens\bt_entrar.gif <-- guiasjp /www/imoveis/imagens bt_entrar.gif
2012.05.24 12:05 B C:\POWINTERNET\sites\guiaRgs\imoveis\2012-05-24\imagens\bt_detalhes.gif <-- guiasjp /www/imoveis/imagens bt_detalhes.gif
2012.05.24 12:05 B C:\POWINTERNET\sites\guiaRgs\imoveis\2012-05-24\imagens\bg_imoveis.gif <-- guiasjp /www/imoveis/imagens bg_imoveis.gif
2012.05.24 12:05 B C:\POWINTERNET\sites\guiaRgs\imoveis\2012-05-24\imagens\b_pow.gif <-- guiasjp /www/imoveis/imagens b_pow.gif
2012.05.24 12:05 B C:\POWINTERNET\sites\guiaRgs\imoveis\2012-05-24\imagens\b_lupa.gif <-- guiasjp /www/imoveis/imagens b_lupa.gif
2012.05.24 12:05 B C:\POWINTERNET\sites\guiaRgs\imoveis\2012-05-24\imagens\b_guia.gif <-- guiasjp /www/imoveis/imagens b_guia.gif
2012.05.24 12:05 B C:\POWINTERNET\sites\guiaRgs\imoveis\2012-05-24\imagens\anuncie4.gif <-- guiasjp /www/imoveis/imagens anuncie4.gif
2012.05.24 12:05 B C:\POWINTERNET\sites\guiaRgs\imoveis\2012-05-24\imagens\anuncie3.gif <-- guiasjp /www/imoveis/imagens anuncie3.gif
2012.05.24 12:05 B C:\POWINTERNET\sites\guiaRgs\imoveis\2012-05-24\imagens\anuncie2.gif <-- guiasjp /www/imoveis/imagens anuncie2.gif
2012.05.24 12:05 B C:\POWINTERNET\sites\guiaRgs\imoveis\2012-05-24\imagens\anuncie1.gif <-- guiasjp /www/imoveis/imagens anuncie1.gif
2012.05.24 12:05 B C:\POWINTERNET\sites\guiaRgs\imoveis\2012-05-24\imagens\anteriores.gif <-- guiasjp /www/imoveis/imagens anteriores.gif
2012.05.24 12:05 B C:\POWINTERNET\sites\guiaRgs\imoveis\2012-05-24\imagens\a1.gif <-- guiasjp /www/imoveis/imagens a1.gif
2012.05.24 12:53 B C:\POWINTERNET\sites\guiaRgs\imoveis\2012-05-24\imagens\Thumbs.db --> ftp.powimoveis.com.br /www/imagens Thumbs.db
